[0517/033743.596:ERROR:process_reader_win.cc(151)] SuspendThread: Access is denied. (0x5)
[0517/033743.596:ERROR:process_reader_win.cc(123)] NtOpenThread: {Access Denied} A process has requested access to an object, but has not been granted those access rights. (0xc0000022)
[0517/033743.596:ERROR:process_reader_win.cc(123)] NtOpenThread: {Access Denied} A process has requested access to an object, but has not been granted those access rights. (0xc0000022)
[0517/033743.596:ERROR:process_reader_win.cc(123)] NtOpenThread: {Access Denied} A process has requested access to an object, but has not been granted those access rights. (0xc0000022)
[0517/033743.596:ERROR:process_reader_win.cc(123)] NtOpenThread: {Access Denied} A process has requested access to an object, but has not been granted those access rights. (0xc0000022)
[0517/033743.721:ERROR:exception_snapshot_win.cc(98)] thread ID 7404 not found in process
[0517/033743.721:ERROR:exception_snapshot_win.cc(98)] thread ID 6520 not found in process
[0517/033743.721:ERROR:exception_snapshot_win.cc(98)] thread ID 9644 not found in process
[0517/033743.721:ERROR:exception_snapshot_win.cc(98)] thread ID 3148 not found in process
[0517/033743.737:ERROR:process_reader_win.cc(123)] NtOpenThread: {Access Denied} A process has requested access to an object, but has not been granted those access rights. (0xc0000022)
[0517/033743.737:ERROR:exception_snapshot_win.cc(98)] thread ID 4948 not found in process
[0517/033743.752:ERROR:process_reader_win.cc(123)] NtOpenThread: {Access Denied} A process has requested access to an object, but has not been granted those access rights. (0xc0000022)
[0517/033743.752:ERROR:exception_snapshot_win.cc(98)] thread ID 9556 not found in process
[0517/033743.752:ERROR:process_reader_win.cc(123)] NtOpenThread: {Access Denied} A process has requested access to an object, but has not been granted those access rights. (0xc0000022)
[0517/033743.752:ERROR:exception_snapshot_win.cc(98)] thread ID 15036 not found in process
[0517/033743.721:ERROR:scoped_process_suspend.cc(31)] NtSuspendProcess: An attempt was made to access an exiting process. (0xc000010a)
[0517/033743.737:ERROR:scoped_process_suspend.cc(31)] NtSuspendProcess: An attempt was made to access an exiting process. (0xc000010a)
[0517/033743.830:ERROR:process_info.cc(118)] ReadProcessMemory bool __cdecl crashpad::(anonymous namespace)::ReadStruct(HANDLE, crashpad::WinVMAddress, T *) [T = crashpad::process_types::PEB<crashpad::process_types::internal::Traits64>]: Only part of a ReadProcessMemory or WriteProcessMemory request was completed. (0x12B)
[0517/033743.830:ERROR:process_info.cc(118)] ReadProcessMemory bool __cdecl crashpad::(anonymous namespace)::ReadStruct(HANDLE, crashpad::WinVMAddress, T *) [T = crashpad::process_types::PEB<crashpad::process_types::internal::Traits64>]: Only part of a ReadProcessMemory or WriteProcessMemory request was completed. (0x12B)
[0517/033743.830:ERROR:process_info.cc(551)] ReadProcessData failed
[0517/033743.830:ERROR:process_info.cc(551)] ReadProcessData failed
